<?xml version="1.0" encoding="UTF-8"?>
<testsuite name="com.codesnippler.CodesnipplerApplicationTests" tests="1" skipped="0" failures="0" errors="0" timestamp="2018-09-05T18:03:41" hostname="MUSHN250013-890" time="0.077">
  <properties/>
  <testcase name="contextLoads" classname="com.codesnippler.CodesnipplerApplicationTests" time="0.077"/>
  <system-out><![CDATA[11:03:37.940 [Test worker] DEBUG org.springframework.test.context.junit4.SpringJUnit4ClassRunner - SpringJUnit4ClassRunner constructor called with [class com.codesnippler.CodesnipplerApplicationTests]
11:03:37.946 [Test worker] DEBUG org.springframework.test.context.BootstrapUtils - Instantiating CacheAwareContextLoaderDelegate from class [org.springframework.test.context.cache.DefaultCacheAwareContextLoaderDelegate]
11:03:37.952 [Test worker] DEBUG org.springframework.test.context.BootstrapUtils - Instantiating BootstrapContext using constructor [public org.springframework.test.context.support.DefaultBootstrapContext(java.lang.Class,org.springframework.test.context.CacheAwareContextLoaderDelegate)]
11:03:37.966 [Test worker] DEBUG org.springframework.test.context.BootstrapUtils - Instantiating TestContextBootstrapper for test class [com.codesnippler.CodesnipplerApplicationTests] from class [org.springframework.boot.test.context.SpringBootTestContextBootstrapper]
11:03:37.974 [Test worker] INFO org.springframework.boot.test.context.SpringBootTestContextBootstrapper - Neither @ContextConfiguration nor @ContextHierarchy found for test class [com.codesnippler.CodesnipplerApplicationTests], using SpringBootContextLoader
11:03:37.976 [Test worker] DEBUG org.springframework.test.context.support.AbstractContextLoader - Did not detect default resource location for test class [com.codesnippler.CodesnipplerApplicationTests]: class path resource [com/codesnippler/CodesnipplerApplicationTests-context.xml] does not exist
11:03:37.977 [Test worker] DEBUG org.springframework.test.context.support.AbstractContextLoader - Did not detect default resource location for test class [com.codesnippler.CodesnipplerApplicationTests]: class path resource [com/codesnippler/CodesnipplerApplicationTestsContext.groovy] does not exist
11:03:37.977 [Test worker] INFO org.springframework.test.context.support.AbstractContextLoader - Could not detect default resource locations for test class [com.codesnippler.CodesnipplerApplicationTests]: no resource found for suffixes {-context.xml, Context.groovy}.
11:03:37.978 [Test worker] INFO org.springframework.test.context.support.AnnotationConfigContextLoaderUtils - Could not detect default configuration classes for test class [com.codesnippler.CodesnipplerApplicationTests]: CodesnipplerApplicationTests does not declare any static, non-private, non-final, nested classes annotated with @Configuration.
11:03:38.005 [Test worker] DEBUG org.springframework.test.context.support.ActiveProfilesUtils - Could not find an 'annotation declaring class' for annotation type [org.springframework.test.context.ActiveProfiles] and class [com.codesnippler.CodesnipplerApplicationTests]
11:03:38.010 [Test worker] DEBUG org.springframework.core.env.StandardEnvironment - Adding PropertySource 'systemProperties' with lowest search precedence
11:03:38.010 [Test worker] DEBUG org.springframework.core.env.StandardEnvironment - Adding PropertySource 'systemEnvironment' with lowest search precedence
11:03:38.011 [Test worker] DEBUG org.springframework.core.env.StandardEnvironment - Initialized StandardEnvironment with PropertySources [MapPropertySource@1361922977 {name='systemProperties', properties={gopherProxySet=false, awt.toolkit=sun.lwawt.macosx.LWCToolkit, java.specification.version=10, file.encoding.pkg=sun.io, sun.cpu.isalist=, sun.jnu.encoding=UTF-8, org.gradle.test.worker=1, java.class.path=/Users/hn250013/.gradle/caches/4.5.1/workerMain/gradle-worker.jar:/Users/hn250013/Hoang/code-snippler/backend/build/classes/java/test:/Users/hn250013/Hoang/code-snippler/backend/build/resources/test:/Users/hn250013/Hoang/code-snippler/backend/build/classes/java/main:/Users/hn250013/Hoang/code-snippler/backend/build/resources/main:/Users/hn250013/.gradle/caches/modules-2/files-2.1/org.springframework.boot/spring-boot-starter-web/2.0.3.RELEASE/41fd4180bea3813de8f3c602b5a126218360315b/spring-boot-starter-web-2.0.3.RELEASE.jar:/Users/hn250013/.gradle/caches/modules-2/files-2.1/org.springframework.boot/spring-boot-starter-data-mongodb/2.0.3.RELEASE/bf51859e2f6c12485b5f215b240ed4038824f87e/spring-boot-starter-data-mongodb-2.0.3.RELEASE.jar:/Users/hn250013/.gradle/caches/modules-2/files-2.1/org.springframework.boot/spring-boot-starter-test/2.0.3.RELEASE/1c624b1cc217bac010abce7a28df8169af4a7fa0/spring-boot-starter-test-2.0.3.RELEASE.jar:/Users/hn250013/.gradle/caches/modules-2/files-2.1/org.springframework.boot/spring-boot-starter-json/2.0.3.RELEASE/2e389a8727588c549c28bb277f0f573f65554850/spring-boot-starter-json-2.0.3.RELEASE.jar:/Users/hn250013/.gradle/caches/modules-2/files-2.1/org.springframework.boot/spring-boot-starter/2.0.3.RELEASE/ffaa050dbd36b0441645598f1a7ddaf67fd5e678/spring-boot-starter-2.0.3.RELEASE.jar:/Users/hn250013/.gradle/caches/modules-2/files-2.1/org.springframework.security/spring-security-crypto/5.0.6.RELEASE/4e22e00672ace9e160ff1e884d0b7c9605fbef8d/spring-security-crypto-5.0.6.RELEASE.jar:/Users/hn250013/.gradle/caches/modules-2/files-2.1/javax.json/javax.json-api/1.0/a74939ecbf7294b40accb4048929577f5ddcee2/javax.json-api-1.0.jar:/Users/hn250013/.gradle/caches/modules-2/files-2.1/org.glassfish/javax.json/1.1/6f8ce9246049c7af84926758aeea7bc24f5dd160/javax.json-1.1.jar:/Users/hn250013/.gradle/caches/modules-2/files-2.1/org.springframework.boot/spring-boot-test-autoconfigure/2.0.3.RELEASE/54e7d2167f2b926bf16a0ef8b91b6bfbd43826e7/spring-boot-test-autoconfigure-2.0.3.RELEASE.jar:/Users/hn250013/.gradle/caches/modules-2/files-2.1/org.springframework.boot/spring-boot-test/2.0.3.RELEASE/5c9b4bb6cfce9ef6e53a0ff5fc4a7ff2867871d8/spring-boot-test-2.0.3.RELEASE.jar:/Users/hn250013/.gradle/caches/modules-2/files-2.1/org.springframework.boot/spring-boot-autoconfigure/2.0.3.RELEASE/11bc4cc96b08fabad2b3186755818fa0b32d83f/spring-boot-autoconfigure-2.0.3.RELEASE.jar:/Users/hn250013/.gradle/caches/modules-2/files-2.1/org.springframework.boot/spring-boot/2.0.3.RELEASE/b874870d915adbc3dd932e19077d3d45c8e54aa0/spring-boot-2.0.3.RELEASE.jar:/Users/hn250013/.gradle/caches/modules-2/files-2.1/org.springframework.boot/spring-boot-starter-logging/2.0.3.RELEASE/7caad34f01d2688919e15e09a90467963e3d5190/spring-boot-starter-logging-2.0.3.RELEASE.jar:/Users/hn250013/.gradle/caches/modules-2/files-2.1/org.springframework.boot/spring-boot-starter-tomcat/2.0.3.RELEASE/25a51a75bfb997b7b95d6760178ee3303863ec4b/spring-boot-starter-tomcat-2.0.3.RELEASE.jar:/Users/hn250013/.gradle/caches/modules-2/files-2.1/javax.annotation/javax.annotation-api/1.3.2/934c04d3cfef185a8008e7bf34331b79730a9d43/javax.annotation-api-1.3.2.jar:/Users/hn250013/.gradle/caches/modules-2/files-2.1/org.springframework/spring-webmvc/5.0.7.RELEASE/751c871527ec7ff335ffc76f2e737e297c0a8d30/spring-webmvc-5.0.7.RELEASE.jar:/Users/hn250013/.gradle/caches/modules-2/files-2.1/org.springframework/spring-web/5.0.7.RELEASE/2e04c6c2922fbfa06b5948be14a5782db168b6ec/spring-web-5.0.7.RELEASE.jar:/Users/hn250013/.gradle/caches/modules-2/files-2.1/org.springframework.data/spring-data-mongodb/2.0.8.RELEASE/8d5235c223a51574b6633edfad8345c7e2681858/spring-data-mongodb-2.0.8.RELEASE.jar:/Users/hn250013/.gradle/caches/modules-2/files-2.1/org.springframework/spring-test/5.0.7.RELEASE/bcb7505a316ea34b7e9a7ae5d4921be5b475c02d/spring-test-5.0.7.RELEASE.jar:/Users/hn250013/.gradle/caches/modules-2/files-2.1/org.springframework/spring-context/5.0.7.RELEASE/243a23f8968de8754d8199d669780d683ab177bd/spring-context-5.0.7.RELEASE.jar:/Users/hn250013/.gradle/caches/modules-2/files-2.1/org.springframework/spring-aop/5.0.7.RELEASE/fdd0b6aa3c9c7a188c3bfbf6dfd8d40e843be9ef/spring-aop-5.0.7.RELEASE.jar:/Users/hn250013/.gradle/caches/modules-2/files-2.1/org.springframework/spring-tx/5.0.7.RELEASE/4ca59b21c61162adb146ad1b40c30b60d8dc42b8/spring-tx-5.0.7.RELEASE.jar:/Users/hn250013/.gradle/caches/modules-2/files-2.1/org.springframework.data/spring-data-commons/2.0.8.RELEASE/5c19af63b5acb0eab39066684e813d5ecd9d03b7/spring-data-commons-2.0.8.RELEASE.jar:/Users/hn250013/.gradle/caches/modules-2/files-2.1/org.springframework/spring-beans/5.0.7.RELEASE/c1196cb3e56da83e3c3a02ef323699f4b05feedc/spring-beans-5.0.7.RELEASE.jar:/Users/hn250013/.gradle/caches/modules-2/files-2.1/org.springframework/spring-expression/5.0.7.RELEASE/ca01fb473f53dd0ee3c85663b26d5dc325602057/spring-expression-5.0.7.RELEASE.jar:/Users/hn250013/.gradle/caches/modules-2/files-2.1/org.springframework/spring-core/5.0.7.RELEASE/54b731178d81e66eca9623df772ff32718208137/spring-core-5.0.7.RELEASE.jar:/Users/hn250013/.gradle/caches/modules-2/files-2.1/org.yaml/snakeyaml/1.19/2d998d3d674b172a588e54ab619854d073f555b5/snakeyaml-1.19.jar:/Users/hn250013/.gradle/caches/modules-2/files-2.1/org.hibernate.validator/hibernate-validator/6.0.10.Final/4236051a8d209c00f85e70918d5e26d9f3e5201e/hibernate-validator-6.0.10.Final.jar:/Users/hn250013/.gradle/caches/modules-2/files-2.1/org.mongodb/mongodb-driver/3.6.4/4ddaa4520e9b3a9255ae138f782d73432be6787d/mongodb-driver-3.6.4.jar:/Users/hn250013/.gradle/caches/modules-2/files-2.1/com.jayway.jsonpath/json-path/2.4.0/765a4401ceb2dc8d40553c2075eb80a8fa35c2ae/json-path-2.4.0.jar:/Users/hn250013/.gradle/caches/modules-2/files-2.1/junit/junit/4.12/2973d150c0dc1fefe998f834810d68f278ea58ec/junit-4.12.jar:/Users/hn250013/.gradle/caches/modules-2/files-2.1/org.assertj/assertj-core/3.9.1/c5ce126b15f28d56cd8f960c1a6a058b9c9aea87/assertj-core-3.9.1.jar:/Users/hn250013/.gradle/caches/modules-2/files-2.1/org.mockito/mockito-core/2.15.0/b84bfbbc29cd22c9529409627af6ea2897f4fa85/mockito-core-2.15.0.jar:/Users/hn250013/.gradle/caches/modules-2/files-2.1/org.hamcrest/hamcrest-library/1.3/4785a3c21320980282f9f33d0d1264a69040538f/hamcrest-library-1.3.jar:/Users/hn250013/.gradle/caches/modules-2/files-2.1/org.hamcrest/hamcrest-core/1.3/42a25dc3219429f0e5d060061f71acb49bf010a0/hamcrest-core-1.3.jar:/Users/hn250013/.gradle/caches/modules-2/files-2.1/org.skyscreamer/jsonassert/1.5.0/6c9d5fe2f59da598d9aefc1cfc6528ff3cf32df3/jsonassert-1.5.0.jar:/Users/hn250013/.gradle/caches/modules-2/files-2.1/org.xmlunit/xmlunit-core/2.5.1/4ffdb346572a7356f7521cd3119ce5287d2e339d/xmlunit-core-2.5.1.jar:/Users/hn250013/.gradle/caches/modules-2/files-2.1/ch.qos.logback/logback-classic/1.2.3/7c4f3c474fb2c041d8028740440937705ebb473a/logback-classic-1.2.3.jar:/Users/hn250013/.gradle/caches/modules-2/files-2.1/org.apache.logging.log4j/log4j-to-slf4j/2.10.0/f7e631ccf49cfc0aefa4a2a728da7d374c05bd3c/log4j-to-slf4j-2.10.0.jar:/Users/hn250013/.gradle/caches/modules-2/files-2.1/org.slf4j/jul-to-slf4j/1.7.25/af5364cd6679bfffb114f0dec8a157aaa283b76/jul-to-slf4j-1.7.25.jar:/Users/hn250013/.gradle/caches/modules-2/files-2.1/org.springframework/spring-jcl/5.0.7.RELEASE/699016ddf454c2c167d9f84ae5777eccadf54728/spring-jcl-5.0.7.RELEASE.jar:/Users/hn250013/.gradle/caches/modules-2/files-2.1/com.fasterxml.jackson.datatype/jackson-datatype-jdk8/2.9.6/456895fc91bf7180b216fead220373e6278230c9/jackson-datatype-jdk8-2.9.6.jar:/Users/hn250013/.gradle/caches/modules-2/files-2.1/com.fasterxml.jackson.datatype/jackson-datatype-jsr310/2.9.6/ea54f6193d224e5e5732bbd4262327eb465397c2/jackson-datatype-jsr310-2.9.6.jar:/Users/hn250013/.gradle/caches/modules-2/files-2.1/com.fasterxml.jackson.module/jackson-module-parameter-names/2.9.6/129acd77a4b6ee30d62d3a0899b1344c8ec2bff8/jackson-module-parameter-names-2.9.6.jar:/Users/hn250013/.gradle/caches/modules-2/files-2.1/com.fasterxml.jackson.core/jackson-databind/2.9.6/cfa4f316351a91bfd95cb0644c6a2c95f52db1fc/jackson-databind-2.9.6.jar:/Users/hn250013/.gradle/caches/modules-2/files-2.1/org.apache.tomcat.embed/tomcat-embed-websocket/8.5.31/6564e716b89de5eaa0dd234ae7989576503ddf3/tomcat-embed-websocket-8.5.31.jar:/Users/hn250013/.gradle/caches/modules-2/files-2.1/org.apache.tomcat.embed/tomcat-embed-core/8.5.31/f5adf7ed8c34aa005b22b6a2dc7b6796e10e9c79/tomcat-embed-core-8.5.31.jar:/Users/hn250013/.gradle/caches/modules-2/files-2.1/org.apache.tomcat.embed/tomcat-embed-el/8.5.31/3a536e1ac71b82627c3a7408eb38fa0704cb9034/tomcat-embed-el-8.5.31.jar:/Users/hn250013/.gradle/caches/modules-2/files-2.1/javax.validation/validation-api/2.0.1.Final/cb855558e6271b1b32e716d24cb85c7f583ce09e/validation-api-2.0.1.Final.jar:/Users/hn250013/.gradle/caches/modules-2/files-2.1/org.jboss.logging/jboss-logging/3.3.2.Final/3789d00e859632e6c6206adc0c71625559e6e3b0/jboss-logging-3.3.2.Final.jar:/Users/hn250013/.gradle/caches/modules-2/files-2.1/com.fasterxml/classmate/1.3.4/3d5f48f10bbe4eb7bd862f10c0583be2e0053c6/classmate-1.3.4.jar:/Users/hn250013/.gradle/caches/modules-2/files-2.1/org.mongodb/mongodb-driver-core/3.6.4/6e737a5d706036bed528522d445dd2ffc454bd6b/mongodb-driver-core-3.6.4.jar:/Users/hn250013/.gradle/caches/modules-2/files-2.1/org.mongodb/bson/3.6.4/da7487f3cba7ddd1e0b0814005960cf543e9d8/bson-3.6.4.jar:/Users/hn250013/.gradle/caches/modules-2/files-2.1/org.slf4j/slf4j-api/1.7.25/da76ca59f6a57ee3102f8f9bd9cee742973efa8a/slf4j-api-1.7.25.jar:/Users/hn250013/.gradle/caches/modules-2/files-2.1/net.minidev/json-smart/2.3/7396407491352ce4fa30de92efb158adb76b5b/json-smart-2.3.jar:/Users/hn250013/.gradle/caches/modules-2/files-2.1/net.bytebuddy/byte-buddy/1.7.11/f02857a4e2c66ccbe7aaad6100a0a6c461bce9b3/byte-buddy-1.7.11.jar:/Users/hn250013/.gradle/caches/modules-2/files-2.1/net.bytebuddy/byte-buddy-agent/1.7.11/b425a8933ca07edd03c6dbc8bc3b595fba9780de/byte-buddy-agent-1.7.11.jar:/Users/hn250013/.gradle/caches/modules-2/files-2.1/org.objenesis/objenesis/2.6/639033469776fd37c08358c6b92a4761feb2af4b/objenesis-2.6.jar:/Users/hn250013/.gradle/caches/modules-2/files-2.1/com.vaadin.external.google/android-json/0.0.20131108.vaadin1/fa26d351fe62a6a17f5cda1287c1c6110dec413f/android-json-0.0.20131108.vaadin1.jar:/Users/hn250013/.gradle/caches/modules-2/files-2.1/ch.qos.logback/logback-core/1.2.3/864344400c3d4d92dfeb0a305dc87d953677c03c/logback-core-1.2.3.jar:/Users/hn250013/.gradle/caches/modules-2/files-2.1/org.apache.logging.log4j/log4j-api/2.10.0/fec5797a55b786184a537abd39c3fa1449d752d6/log4j-api-2.10.0.jar:/Users/hn250013/.gradle/caches/modules-2/files-2.1/com.fasterxml.jackson.core/jackson-annotations/2.9.0/7c10d545325e3a6e72e06381afe469fd40eb701/jackson-annotations-2.9.0.jar:/Users/hn250013/.gradle/caches/modules-2/files-2.1/com.fasterxml.jackson.core/jackson-core/2.9.6/4e393793c37c77e042ccc7be5a914ae39251b365/jackson-core-2.9.6.jar:/Users/hn250013/.gradle/caches/modules-2/files-2.1/net.minidev/accessors-smart/1.2/c592b500269bfde36096641b01238a8350f8aa31/accessors-smart-1.2.jar:/Users/hn250013/.gradle/caches/modules-2/files-2.1/org.ow2.asm/asm/5.0.4/da08b8cce7bbf903602a25a3a163ae252435795/asm-5.0.4.jar, java.vm.vendor="Oracle Corporation", sun.arch.data.model=64, user.variant=, java.vendor.url=http://java.oracle.com/, user.timezone=America/Los_Angeles, os.name=Mac OS X, java.vm.specification.version=10, user.country=US, sun.java.launcher=SUN_STANDARD, sun.boot.library.path=/Library/Java/JavaVirtualMachines/jdk-10.0.1.jdk/Contents/Home/lib, sun.java.command=worker.org.gradle.process.internal.worker.GradleWorkerMain 'Gradle Test Executor 1', jdk.debug=release, sun.cpu.endian=little, user.home=/Users/hn250013, user.language=en, java.specification.vendor=Oracle Corporation, org.gradle.native=false, java.version.date=2018-04-17, java.home=/Library/Java/JavaVirtualMachines/jdk-10.0.1.jdk/Contents/Home, file.separator=/, java.vm.compressedOopsMode=Zero based, line.separator=
, java.specification.name=Java Platform API Specification, java.vm.specification.vendor=Oracle Corporation, java.awt.graphicsenv=sun.awt.CGraphicsEnvironment, sun.management.compiler=HotSpot 64-Bit Tiered Compilers, java.runtime.version=10.0.1+10, user.name=hn250013, path.separator=:, os.version=10.13.5, java.runtime.name=Java(TM) SE Runtime Environment, file.encoding=UTF-8, java.vm.name=Java HotSpot(TM) 64-Bit Server VM, java.vendor.version=18.3, java.vendor.url.bug=http://bugreport.java.com/bugreport/, java.io.tmpdir=/var/folders/zd/6qbr61_n4rbbsybkz7zxdxy80000gn/T/, java.version=10.0.1, user.dir=/Users/hn250013/Hoang/code-snippler/backend, os.arch=x86_64, java.vm.specification.name=Java Virtual Machine Specification, java.awt.printerjob=sun.lwawt.macosx.CPrinterJob, sun.os.patch.level=unknown, java.library.path=/Users/hn250013/Library/Java/Extensions:/Library/Java/Extensions:/Network/Library/Java/Extensions:/System/Library/Java/Extensions:/usr/lib/java:., java.vendor=Oracle Corporation, java.vm.info=mixed mode, java.vm.version=10.0.1+10, sun.io.unicode.encoding=UnicodeBig, java.class.version=54.0}}, SystemEnvironmentPropertySource@962056226 {name='systemEnvironment', properties={PATH=/Users/hn250013/anaconda3/bin:/Users/hn250013/Work/mongodb/bin:/usr/local/bin:/usr/bin:/bin:/usr/sbin:/sbin:/Library/TeX/texbin:/Applications/Postgres.app/Contents/Versions/latest/bin, JAVA_MAIN_CLASS_87974=org.gradle.wrapper.GradleWrapperMain, APP_ICON_87974=/Users/hn250013/Hoang/code-snippler/backend/media/gradle.icns, JAVA_ARCH=x86_64, MFA_DEVICE=arn:aws:iam::222620235098:mfa/daniel.nguyen, TERM=xterm-256color, client_id=3lYl3UZ4mFlFTjVi95ofS74BpFKly2tJ, COMMAND_MODE=unix2003, password=pass@word1, LOGNAME=hn250013, client_secret=if1N3-G92N3bSrqC8ypcfh8Fz1Pq5Nu0G2IO7DK-F5uW06h5Kmwe0Z0s74aaBNtY, config_file_imc=config_imc_preprod.json, XPC_SERVICE_NAME=0, PWD=/Users/hn250013/Hoang/code-snippler/backend, config_file=config_api_gateway_preprod.json, AWS_REGION=us-west-2, SHELL=/bin/bash, JAVA_MAIN_CLASS_87983=org.gradle.launcher.daemon.bootstrap.GradleDaemon, ARTIFACTORY_USER=hn250013, MFA_STS_DURATION=3600, ARTIFACTORY_KEY=AKCp5bAict7RtH3tTt5vCRn3GzEJE89fUYpUD3T4B2z6wq6QNHFwTrYC12TDjvRWEFLMQaEZy, SECURITYSESSIONID=186a9, OLDPWD=/Users/hn250013/Hoang/code-snippler/backend, env=preprod, USER=hn250013, version=ICAWS 5.6, TMPDIR=/var/folders/zd/6qbr61_n4rbbsybkz7zxdxy80000gn/T/, SSH_AUTH_SOCK=/private/tmp/com.apple.launchd.RMFBRXlZCD/Listeners, XPC_FLAGS=0x0, JAVA_MAIN_CLASS_88042=worker.org.gradle.process.internal.worker.GradleWorkerMain, site_id=TDCLOUDAMCO04, __CF_USER_TEXT_ENCODING=0x1F5:0x0:0x0, APP_NAME_87974=Gradle, Apple_PubSub_Socket_Render=/private/tmp/com.apple.launchd.tRMNRo7t1M/Render, com.apple.java.jvmTask=CommandLine, LC_CTYPE=en_US.UTF-8, SHLVL=1, HOME=/Users/hn250013, username=dk134401}}]
11:03:38.023 [Test worker] DEBUG org.springframework.core.io.support.PathMatchingResourcePatternResolver - Resolved classpath location [com/codesnippler/] to resources [URL [file:/Users/hn250013/Hoang/code-snippler/backend/build/classes/java/test/com/codesnippler/], URL [file:/Users/hn250013/Hoang/code-snippler/backend/build/classes/java/main/com/codesnippler/]]
11:03:38.023 [Test worker] DEBUG org.springframework.core.io.support.PathMatchingResourcePatternResolver - Looking for matching resources in directory tree [/Users/hn250013/Hoang/code-snippler/backend/build/classes/java/test/com/codesnippler]
11:03:38.024 [Test worker] DEBUG org.springframework.core.io.support.PathMatchingResourcePatternResolver - Searching directory [/Users/hn250013/Hoang/code-snippler/backend/build/classes/java/test/com/codesnippler] for files matching pattern [/Users/hn250013/Hoang/code-snippler/backend/build/classes/java/test/com/codesnippler/*.class]
11:03:38.026 [Test worker] DEBUG org.springframework.core.io.support.PathMatchingResourcePatternResolver - Looking for matching resources in directory tree [/Users/hn250013/Hoang/code-snippler/backend/build/classes/java/main/com/codesnippler]
11:03:38.027 [Test worker] DEBUG org.springframework.core.io.support.PathMatchingResourcePatternResolver - Searching directory [/Users/hn250013/Hoang/code-snippler/backend/build/classes/java/main/com/codesnippler] for files matching pattern [/Users/hn250013/Hoang/code-snippler/backend/build/classes/java/main/com/codesnippler/*.class]
11:03:38.028 [Test worker] DEBUG org.springframework.core.io.support.PathMatchingResourcePatternResolver - Resolved location pattern [classpath*:com/codesnippler/*.class] to resources [file [/Users/hn250013/Hoang/code-snippler/backend/build/classes/java/test/com/codesnippler/CodesnipplerApplicationTests.class], file [/Users/hn250013/Hoang/code-snippler/backend/build/classes/java/main/com/codesnippler/CodesnipplerApplication.class]]
11:03:38.066 [Test worker] DEBUG org.springframework.context.annotation.ClassPathScanningCandidateComponentProvider - Identified candidate component class: file [/Users/hn250013/Hoang/code-snippler/backend/build/classes/java/main/com/codesnippler/CodesnipplerApplication.class]
11:03:38.068 [Test worker] INFO org.springframework.boot.test.context.SpringBootTestContextBootstrapper - Found @SpringBootConfiguration com.codesnippler.CodesnipplerApplication for test class com.codesnippler.CodesnipplerApplicationTests
11:03:38.157 [Test worker] DEBUG org.springframework.boot.test.context.SpringBootTestContextBootstrapper - @TestExecutionListeners is not present for class [com.codesnippler.CodesnipplerApplicationTests]: using defaults.
11:03:38.158 [Test worker] INFO org.springframework.boot.test.context.SpringBootTestContextBootstrapper - Loaded default TestExecutionListener class names from location [META-INF/spring.factories]: [org.springframework.boot.test.autoconfigure.restdocs.RestDocsTestExecutionListener, org.springframework.boot.test.autoconfigure.web.client.MockRestServiceServerResetTestExecutionListener, org.springframework.boot.test.autoconfigure.web.servlet.MockMvcPrintOnlyOnFailureTestExecutionListener, org.springframework.boot.test.autoconfigure.web.servlet.WebDriverTestExecutionListener, org.springframework.boot.test.mock.mockito.MockitoTestExecutionListener, org.springframework.boot.test.mock.mockito.ResetMocksTestExecutionListener, org.springframework.test.context.web.ServletTestExecutionListener, org.springframework.test.context.support.DirtiesContextBeforeModesTestExecutionListener, org.springframework.test.context.support.DependencyInjectionTestExecutionListener, org.springframework.test.context.support.DirtiesContextTestExecutionListener, org.springframework.test.context.transaction.TransactionalTestExecutionListener, org.springframework.test.context.jdbc.SqlScriptsTestExecutionListener]
11:03:38.171 [Test worker] INFO org.springframework.boot.test.context.SpringBootTestContextBootstrapper - Using TestExecutionListeners: [org.springframework.test.context.web.ServletTestExecutionListener@18e2ef76, org.springframework.test.context.support.DirtiesContextBeforeModesTestExecutionListener@44d66f81, org.springframework.boot.test.mock.mockito.MockitoTestExecutionListener@17b65cf, org.springframework.boot.test.autoconfigure.SpringBootDependencyInjectionTestExecutionListener@687c7ca5, org.springframework.test.context.support.DirtiesContextTestExecutionListener@67eaa783, org.springframework.test.context.transaction.TransactionalTestExecutionListener@10b77698, org.springframework.test.context.jdbc.SqlScriptsTestExecutionListener@4ab83c5c, org.springframework.boot.test.autoconfigure.restdocs.RestDocsTestExecutionListener@412af8fa, org.springframework.boot.test.autoconfigure.web.client.MockRestServiceServerResetTestExecutionListener@734e99e3, org.springframework.boot.test.autoconfigure.web.servlet.MockMvcPrintOnlyOnFailureTestExecutionListener@58e632a4, org.springframework.boot.test.autoconfigure.web.servlet.WebDriverTestExecutionListener@5337bf38, org.springframework.boot.test.mock.mockito.ResetMocksTestExecutionListener@45cc608c]
11:03:38.173 [Test worker] DEBUG org.springframework.test.annotation.ProfileValueUtils - Retrieved @ProfileValueSourceConfiguration [null] for test class [com.codesnippler.CodesnipplerApplicationTests]
11:03:38.173 [Test worker] DEBUG org.springframework.test.annotation.ProfileValueUtils - Retrieved ProfileValueSource type [class org.springframework.test.annotation.SystemProfileValueSource] for class [com.codesnippler.CodesnipplerApplicationTests]
11:03:38.174 [Test worker] DEBUG org.springframework.test.annotation.ProfileValueUtils - Retrieved @ProfileValueSourceConfiguration [null] for test class [com.codesnippler.CodesnipplerApplicationTests]
11:03:38.174 [Test worker] DEBUG org.springframework.test.annotation.ProfileValueUtils - Retrieved ProfileValueSource type [class org.springframework.test.annotation.SystemProfileValueSource] for class [com.codesnippler.CodesnipplerApplicationTests]
11:03:38.178 [Test worker] DEBUG org.springframework.test.context.support.AbstractDirtiesContextTestExecutionListener - Before test class: context [DefaultTestContext@4a7964cf testClass = CodesnipplerApplicationTests, testInstance = [null], testMethod = [null], testException = [null], mergedContextConfiguration = [WebMergedContextConfiguration@32653d80 testClass = CodesnipplerApplicationTests, locations = '{}', classes = '{class com.codesnippler.CodesnipplerApplication}', contextInitializerClasses = '[]', activeProfiles = '{}', propertySourceLocations = '{}', propertySourceProperties = '{org.springframework.boot.test.context.SpringBootTestContextBootstrapper=true}', contextCustomizers = set[org.springframework.boot.test.autoconfigure.properties.PropertyMappingContextCustomizer@0, org.springframework.boot.test.autoconfigure.web.servlet.WebDriverContextCustomizerFactory$Customizer@20319d39, org.springframework.boot.test.context.filter.ExcludeFilterContextCustomizer@2ffd064c, org.springframework.boot.test.json.DuplicateJsonObjectContextCustomizerFactory$DuplicateJsonObjectContextCustomizer@755003ef, org.springframework.boot.test.mock.mockito.MockitoContextCustomizer@0, org.springframework.boot.test.web.client.TestRestTemplateContextCustomizer@61afa2b3], resourceBasePath = 'src/main/webapp', contextLoader = 'org.springframework.boot.test.context.SpringBootContextLoader', parent = [null]], attributes = map['org.springframework.test.context.web.ServletTestExecutionListener.activateListener' -> true]], class annotated with @DirtiesContext [false] with mode [null].
11:03:38.178 [Test worker] DEBUG org.springframework.test.annotation.ProfileValueUtils - Retrieved @ProfileValueSourceConfiguration [null] for test class [com.codesnippler.CodesnipplerApplicationTests]
11:03:38.179 [Test worker] DEBUG org.springframework.test.annotation.ProfileValueUtils - Retrieved ProfileValueSource type [class org.springframework.test.annotation.SystemProfileValueSource] for class [com.codesnippler.CodesnipplerApplicationTests]
11:03:38.194 [Test worker] DEBUG org.springframework.core.env.StandardEnvironment - Adding PropertySource 'systemProperties' with lowest search precedence
11:03:38.194 [Test worker] DEBUG org.springframework.core.env.StandardEnvironment - Adding PropertySource 'systemEnvironment' with lowest search precedence
11:03:38.194 [Test worker] DEBUG org.springframework.core.env.StandardEnvironment - Initialized StandardEnvironment with PropertySources [MapPropertySource@2110335553 {name='systemProperties', properties={gopherProxySet=false, awt.toolkit=sun.lwawt.macosx.LWCToolkit, java.specification.version=10, file.encoding.pkg=sun.io, sun.cpu.isalist=, sun.jnu.encoding=UTF-8, org.gradle.test.worker=1, java.class.path=/Users/hn250013/.gradle/caches/4.5.1/workerMain/gradle-worker.jar:/Users/hn250013/Hoang/code-snippler/backend/build/classes/java/test:/Users/hn250013/Hoang/code-snippler/backend/build/resources/test:/Users/hn250013/Hoang/code-snippler/backend/build/classes/java/main:/Users/hn250013/Hoang/code-snippler/backend/build/resources/main:/Users/hn250013/.gradle/caches/modules-2/files-2.1/org.springframework.boot/spring-boot-starter-web/2.0.3.RELEASE/41fd4180bea3813de8f3c602b5a126218360315b/spring-boot-starter-web-2.0.3.RELEASE.jar:/Users/hn250013/.gradle/caches/modules-2/files-2.1/org.springframework.boot/spring-boot-starter-data-mongodb/2.0.3.RELEASE/bf51859e2f6c12485b5f215b240ed4038824f87e/spring-boot-starter-data-mongodb-2.0.3.RELEASE.jar:/Users/hn250013/.gradle/caches/modules-2/files-2.1/org.springframework.boot/spring-boot-starter-test/2.0.3.RELEASE/1c624b1cc217bac010abce7a28df8169af4a7fa0/spring-boot-starter-test-2.0.3.RELEASE.jar:/Users/hn250013/.gradle/caches/modules-2/files-2.1/org.springframework.boot/spring-boot-starter-json/2.0.3.RELEASE/2e389a8727588c549c28bb277f0f573f65554850/spring-boot-starter-json-2.0.3.RELEASE.jar:/Users/hn250013/.gradle/caches/modules-2/files-2.1/org.springframework.boot/spring-boot-starter/2.0.3.RELEASE/ffaa050dbd36b0441645598f1a7ddaf67fd5e678/spring-boot-starter-2.0.3.RELEASE.jar:/Users/hn250013/.gradle/caches/modules-2/files-2.1/org.springframework.security/spring-security-crypto/5.0.6.RELEASE/4e22e00672ace9e160ff1e884d0b7c9605fbef8d/spring-security-crypto-5.0.6.RELEASE.jar:/Users/hn250013/.gradle/caches/modules-2/files-2.1/javax.json/javax.json-api/1.0/a74939ecbf7294b40accb4048929577f5ddcee2/javax.json-api-1.0.jar:/Users/hn250013/.gradle/caches/modules-2/files-2.1/org.glassfish/javax.json/1.1/6f8ce9246049c7af84926758aeea7bc24f5dd160/javax.json-1.1.jar:/Users/hn250013/.gradle/caches/modules-2/files-2.1/org.springframework.boot/spring-boot-test-autoconfigure/2.0.3.RELEASE/54e7d2167f2b926bf16a0ef8b91b6bfbd43826e7/spring-boot-test-autoconfigure-2.0.3.RELEASE.jar:/Users/hn250013/.gradle/caches/modules-2/files-2.1/org.springframework.boot/spring-boot-test/2.0.3.RELEASE/5c9b4bb6cfce9ef6e53a0ff5fc4a7ff2867871d8/spring-boot-test-2.0.3.RELEASE.jar:/Users/hn250013/.gradle/caches/modules-2/files-2.1/org.springframework.boot/spring-boot-autoconfigure/2.0.3.RELEASE/11bc4cc96b08fabad2b3186755818fa0b32d83f/spring-boot-autoconfigure-2.0.3.RELEASE.jar:/Users/hn250013/.gradle/caches/modules-2/files-2.1/org.springframework.boot/spring-boot/2.0.3.RELEASE/b874870d915adbc3dd932e19077d3d45c8e54aa0/spring-boot-2.0.3.RELEASE.jar:/Users/hn250013/.gradle/caches/modules-2/files-2.1/org.springframework.boot/spring-boot-starter-logging/2.0.3.RELEASE/7caad34f01d2688919e15e09a90467963e3d5190/spring-boot-starter-logging-2.0.3.RELEASE.jar:/Users/hn250013/.gradle/caches/modules-2/files-2.1/org.springframework.boot/spring-boot-starter-tomcat/2.0.3.RELEASE/25a51a75bfb997b7b95d6760178ee3303863ec4b/spring-boot-starter-tomcat-2.0.3.RELEASE.jar:/Users/hn250013/.gradle/caches/modules-2/files-2.1/javax.annotation/javax.annotation-api/1.3.2/934c04d3cfef185a8008e7bf34331b79730a9d43/javax.annotation-api-1.3.2.jar:/Users/hn250013/.gradle/caches/modules-2/files-2.1/org.springframework/spring-webmvc/5.0.7.RELEASE/751c871527ec7ff335ffc76f2e737e297c0a8d30/spring-webmvc-5.0.7.RELEASE.jar:/Users/hn250013/.gradle/caches/modules-2/files-2.1/org.springframework/spring-web/5.0.7.RELEASE/2e04c6c2922fbfa06b5948be14a5782db168b6ec/spring-web-5.0.7.RELEASE.jar:/Users/hn250013/.gradle/caches/modules-2/files-2.1/org.springframework.data/spring-data-mongodb/2.0.8.RELEASE/8d5235c223a51574b6633edfad8345c7e2681858/spring-data-mongodb-2.0.8.RELEASE.jar:/Users/hn250013/.gradle/caches/modules-2/files-2.1/org.springframework/spring-test/5.0.7.RELEASE/bcb7505a316ea34b7e9a7ae5d4921be5b475c02d/spring-test-5.0.7.RELEASE.jar:/Users/hn250013/.gradle/caches/modules-2/files-2.1/org.springframework/spring-context/5.0.7.RELEASE/243a23f8968de8754d8199d669780d683ab177bd/spring-context-5.0.7.RELEASE.jar:/Users/hn250013/.gradle/caches/modules-2/files-2.1/org.springframework/spring-aop/5.0.7.RELEASE/fdd0b6aa3c9c7a188c3bfbf6dfd8d40e843be9ef/spring-aop-5.0.7.RELEASE.jar:/Users/hn250013/.gradle/caches/modules-2/files-2.1/org.springframework/spring-tx/5.0.7.RELEASE/4ca59b21c61162adb146ad1b40c30b60d8dc42b8/spring-tx-5.0.7.RELEASE.jar:/Users/hn250013/.gradle/caches/modules-2/files-2.1/org.springframework.data/spring-data-commons/2.0.8.RELEASE/5c19af63b5acb0eab39066684e813d5ecd9d03b7/spring-data-commons-2.0.8.RELEASE.jar:/Users/hn250013/.gradle/caches/modules-2/files-2.1/org.springframework/spring-beans/5.0.7.RELEASE/c1196cb3e56da83e3c3a02ef323699f4b05feedc/spring-beans-5.0.7.RELEASE.jar:/Users/hn250013/.gradle/caches/modules-2/files-2.1/org.springframework/spring-expression/5.0.7.RELEASE/ca01fb473f53dd0ee3c85663b26d5dc325602057/spring-expression-5.0.7.RELEASE.jar:/Users/hn250013/.gradle/caches/modules-2/files-2.1/org.springframework/spring-core/5.0.7.RELEASE/54b731178d81e66eca9623df772ff32718208137/spring-core-5.0.7.RELEASE.jar:/Users/hn250013/.gradle/caches/modules-2/files-2.1/org.yaml/snakeyaml/1.19/2d998d3d674b172a588e54ab619854d073f555b5/snakeyaml-1.19.jar:/Users/hn250013/.gradle/caches/modules-2/files-2.1/org.hibernate.validator/hibernate-validator/6.0.10.Final/4236051a8d209c00f85e70918d5e26d9f3e5201e/hibernate-validator-6.0.10.Final.jar:/Users/hn250013/.gradle/caches/modules-2/files-2.1/org.mongodb/mongodb-driver/3.6.4/4ddaa4520e9b3a9255ae138f782d73432be6787d/mongodb-driver-3.6.4.jar:/Users/hn250013/.gradle/caches/modules-2/files-2.1/com.jayway.jsonpath/json-path/2.4.0/765a4401ceb2dc8d40553c2075eb80a8fa35c2ae/json-path-2.4.0.jar:/Users/hn250013/.gradle/caches/modules-2/files-2.1/junit/junit/4.12/2973d150c0dc1fefe998f834810d68f278ea58ec/junit-4.12.jar:/Users/hn250013/.gradle/caches/modules-2/files-2.1/org.assertj/assertj-core/3.9.1/c5ce126b15f28d56cd8f960c1a6a058b9c9aea87/assertj-core-3.9.1.jar:/Users/hn250013/.gradle/caches/modules-2/files-2.1/org.mockito/mockito-core/2.15.0/b84bfbbc29cd22c9529409627af6ea2897f4fa85/mockito-core-2.15.0.jar:/Users/hn250013/.gradle/caches/modules-2/files-2.1/org.hamcrest/hamcrest-library/1.3/4785a3c21320980282f9f33d0d1264a69040538f/hamcrest-library-1.3.jar:/Users/hn250013/.gradle/caches/modules-2/files-2.1/org.hamcrest/hamcrest-core/1.3/42a25dc3219429f0e5d060061f71acb49bf010a0/hamcrest-core-1.3.jar:/Users/hn250013/.gradle/caches/modules-2/files-2.1/org.skyscreamer/jsonassert/1.5.0/6c9d5fe2f59da598d9aefc1cfc6528ff3cf32df3/jsonassert-1.5.0.jar:/Users/hn250013/.gradle/caches/modules-2/files-2.1/org.xmlunit/xmlunit-core/2.5.1/4ffdb346572a7356f7521cd3119ce5287d2e339d/xmlunit-core-2.5.1.jar:/Users/hn250013/.gradle/caches/modules-2/files-2.1/ch.qos.logback/logback-classic/1.2.3/7c4f3c474fb2c041d8028740440937705ebb473a/logback-classic-1.2.3.jar:/Users/hn250013/.gradle/caches/modules-2/files-2.1/org.apache.logging.log4j/log4j-to-slf4j/2.10.0/f7e631ccf49cfc0aefa4a2a728da7d374c05bd3c/log4j-to-slf4j-2.10.0.jar:/Users/hn250013/.gradle/caches/modules-2/files-2.1/org.slf4j/jul-to-slf4j/1.7.25/af5364cd6679bfffb114f0dec8a157aaa283b76/jul-to-slf4j-1.7.25.jar:/Users/hn250013/.gradle/caches/modules-2/files-2.1/org.springframework/spring-jcl/5.0.7.RELEASE/699016ddf454c2c167d9f84ae5777eccadf54728/spring-jcl-5.0.7.RELEASE.jar:/Users/hn250013/.gradle/caches/modules-2/files-2.1/com.fasterxml.jackson.datatype/jackson-datatype-jdk8/2.9.6/456895fc91bf7180b216fead220373e6278230c9/jackson-datatype-jdk8-2.9.6.jar:/Users/hn250013/.gradle/caches/modules-2/files-2.1/com.fasterxml.jackson.datatype/jackson-datatype-jsr310/2.9.6/ea54f6193d224e5e5732bbd4262327eb465397c2/jackson-datatype-jsr310-2.9.6.jar:/Users/hn250013/.gradle/caches/modules-2/files-2.1/com.fasterxml.jackson.module/jackson-module-parameter-names/2.9.6/129acd77a4b6ee30d62d3a0899b1344c8ec2bff8/jackson-module-parameter-names-2.9.6.jar:/Users/hn250013/.gradle/caches/modules-2/files-2.1/com.fasterxml.jackson.core/jackson-databind/2.9.6/cfa4f316351a91bfd95cb0644c6a2c95f52db1fc/jackson-databind-2.9.6.jar:/Users/hn250013/.gradle/caches/modules-2/files-2.1/org.apache.tomcat.embed/tomcat-embed-websocket/8.5.31/6564e716b89de5eaa0dd234ae7989576503ddf3/tomcat-embed-websocket-8.5.31.jar:/Users/hn250013/.gradle/caches/modules-2/files-2.1/org.apache.tomcat.embed/tomcat-embed-core/8.5.31/f5adf7ed8c34aa005b22b6a2dc7b6796e10e9c79/tomcat-embed-core-8.5.31.jar:/Users/hn250013/.gradle/caches/modules-2/files-2.1/org.apache.tomcat.embed/tomcat-embed-el/8.5.31/3a536e1ac71b82627c3a7408eb38fa0704cb9034/tomcat-embed-el-8.5.31.jar:/Users/hn250013/.gradle/caches/modules-2/files-2.1/javax.validation/validation-api/2.0.1.Final/cb855558e6271b1b32e716d24cb85c7f583ce09e/validation-api-2.0.1.Final.jar:/Users/hn250013/.gradle/caches/modules-2/files-2.1/org.jboss.logging/jboss-logging/3.3.2.Final/3789d00e859632e6c6206adc0c71625559e6e3b0/jboss-logging-3.3.2.Final.jar:/Users/hn250013/.gradle/caches/modules-2/files-2.1/com.fasterxml/classmate/1.3.4/3d5f48f10bbe4eb7bd862f10c0583be2e0053c6/classmate-1.3.4.jar:/Users/hn250013/.gradle/caches/modules-2/files-2.1/org.mongodb/mongodb-driver-core/3.6.4/6e737a5d706036bed528522d445dd2ffc454bd6b/mongodb-driver-core-3.6.4.jar:/Users/hn250013/.gradle/caches/modules-2/files-2.1/org.mongodb/bson/3.6.4/da7487f3cba7ddd1e0b0814005960cf543e9d8/bson-3.6.4.jar:/Users/hn250013/.gradle/caches/modules-2/files-2.1/org.slf4j/slf4j-api/1.7.25/da76ca59f6a57ee3102f8f9bd9cee742973efa8a/slf4j-api-1.7.25.jar:/Users/hn250013/.gradle/caches/modules-2/files-2.1/net.minidev/json-smart/2.3/7396407491352ce4fa30de92efb158adb76b5b/json-smart-2.3.jar:/Users/hn250013/.gradle/caches/modules-2/files-2.1/net.bytebuddy/byte-buddy/1.7.11/f02857a4e2c66ccbe7aaad6100a0a6c461bce9b3/byte-buddy-1.7.11.jar:/Users/hn250013/.gradle/caches/modules-2/files-2.1/net.bytebuddy/byte-buddy-agent/1.7.11/b425a8933ca07edd03c6dbc8bc3b595fba9780de/byte-buddy-agent-1.7.11.jar:/Users/hn250013/.gradle/caches/modules-2/files-2.1/org.objenesis/objenesis/2.6/639033469776fd37c08358c6b92a4761feb2af4b/objenesis-2.6.jar:/Users/hn250013/.gradle/caches/modules-2/files-2.1/com.vaadin.external.google/android-json/0.0.20131108.vaadin1/fa26d351fe62a6a17f5cda1287c1c6110dec413f/android-json-0.0.20131108.vaadin1.jar:/Users/hn250013/.gradle/caches/modules-2/files-2.1/ch.qos.logback/logback-core/1.2.3/864344400c3d4d92dfeb0a305dc87d953677c03c/logback-core-1.2.3.jar:/Users/hn250013/.gradle/caches/modules-2/files-2.1/org.apache.logging.log4j/log4j-api/2.10.0/fec5797a55b786184a537abd39c3fa1449d752d6/log4j-api-2.10.0.jar:/Users/hn250013/.gradle/caches/modules-2/files-2.1/com.fasterxml.jackson.core/jackson-annotations/2.9.0/7c10d545325e3a6e72e06381afe469fd40eb701/jackson-annotations-2.9.0.jar:/Users/hn250013/.gradle/caches/modules-2/files-2.1/com.fasterxml.jackson.core/jackson-core/2.9.6/4e393793c37c77e042ccc7be5a914ae39251b365/jackson-core-2.9.6.jar:/Users/hn250013/.gradle/caches/modules-2/files-2.1/net.minidev/accessors-smart/1.2/c592b500269bfde36096641b01238a8350f8aa31/accessors-smart-1.2.jar:/Users/hn250013/.gradle/caches/modules-2/files-2.1/org.ow2.asm/asm/5.0.4/da08b8cce7bbf903602a25a3a163ae252435795/asm-5.0.4.jar, java.vm.vendor="Oracle Corporation", sun.arch.data.model=64, user.variant=, java.vendor.url=http://java.oracle.com/, user.timezone=America/Los_Angeles, os.name=Mac OS X, java.vm.specification.version=10, user.country=US, sun.java.launcher=SUN_STANDARD, sun.boot.library.path=/Library/Java/JavaVirtualMachines/jdk-10.0.1.jdk/Contents/Home/lib, sun.java.command=worker.org.gradle.process.internal.worker.GradleWorkerMain 'Gradle Test Executor 1', jdk.debug=release, sun.cpu.endian=little, user.home=/Users/hn250013, user.language=en, java.specification.vendor=Oracle Corporation, org.gradle.native=false, java.version.date=2018-04-17, java.home=/Library/Java/JavaVirtualMachines/jdk-10.0.1.jdk/Contents/Home, file.separator=/, java.vm.compressedOopsMode=Zero based, line.separator=
, java.specification.name=Java Platform API Specification, java.vm.specification.vendor=Oracle Corporation, java.awt.graphicsenv=sun.awt.CGraphicsEnvironment, sun.management.compiler=HotSpot 64-Bit Tiered Compilers, java.runtime.version=10.0.1+10, user.name=hn250013, path.separator=:, os.version=10.13.5, java.runtime.name=Java(TM) SE Runtime Environment, file.encoding=UTF-8, java.vm.name=Java HotSpot(TM) 64-Bit Server VM, java.vendor.version=18.3, java.vendor.url.bug=http://bugreport.java.com/bugreport/, java.io.tmpdir=/var/folders/zd/6qbr61_n4rbbsybkz7zxdxy80000gn/T/, java.version=10.0.1, user.dir=/Users/hn250013/Hoang/code-snippler/backend, os.arch=x86_64, java.vm.specification.name=Java Virtual Machine Specification, java.awt.printerjob=sun.lwawt.macosx.CPrinterJob, sun.os.patch.level=unknown, java.library.path=/Users/hn250013/Library/Java/Extensions:/Library/Java/Extensions:/Network/Library/Java/Extensions:/System/Library/Java/Extensions:/usr/lib/java:., java.vendor=Oracle Corporation, java.vm.info=mixed mode, java.vm.version=10.0.1+10, sun.io.unicode.encoding=UnicodeBig, java.class.version=54.0}}, SystemEnvironmentPropertySource@1949761360 {name='systemEnvironment', properties={PATH=/Users/hn250013/anaconda3/bin:/Users/hn250013/Work/mongodb/bin:/usr/local/bin:/usr/bin:/bin:/usr/sbin:/sbin:/Library/TeX/texbin:/Applications/Postgres.app/Contents/Versions/latest/bin, JAVA_MAIN_CLASS_87974=org.gradle.wrapper.GradleWrapperMain, APP_ICON_87974=/Users/hn250013/Hoang/code-snippler/backend/media/gradle.icns, JAVA_ARCH=x86_64, MFA_DEVICE=arn:aws:iam::222620235098:mfa/daniel.nguyen, TERM=xterm-256color, client_id=3lYl3UZ4mFlFTjVi95ofS74BpFKly2tJ, COMMAND_MODE=unix2003, password=pass@word1, LOGNAME=hn250013, client_secret=if1N3-G92N3bSrqC8ypcfh8Fz1Pq5Nu0G2IO7DK-F5uW06h5Kmwe0Z0s74aaBNtY, config_file_imc=config_imc_preprod.json, XPC_SERVICE_NAME=0, PWD=/Users/hn250013/Hoang/code-snippler/backend, config_file=config_api_gateway_preprod.json, AWS_REGION=us-west-2, SHELL=/bin/bash, JAVA_MAIN_CLASS_87983=org.gradle.launcher.daemon.bootstrap.GradleDaemon, ARTIFACTORY_USER=hn250013, MFA_STS_DURATION=3600, ARTIFACTORY_KEY=AKCp5bAict7RtH3tTt5vCRn3GzEJE89fUYpUD3T4B2z6wq6QNHFwTrYC12TDjvRWEFLMQaEZy, SECURITYSESSIONID=186a9, OLDPWD=/Users/hn250013/Hoang/code-snippler/backend, env=preprod, USER=hn250013, version=ICAWS 5.6, TMPDIR=/var/folders/zd/6qbr61_n4rbbsybkz7zxdxy80000gn/T/, SSH_AUTH_SOCK=/private/tmp/com.apple.launchd.RMFBRXlZCD/Listeners, XPC_FLAGS=0x0, JAVA_MAIN_CLASS_88042=worker.org.gradle.process.internal.worker.GradleWorkerMain, site_id=TDCLOUDAMCO04, __CF_USER_TEXT_ENCODING=0x1F5:0x0:0x0, APP_NAME_87974=Gradle, Apple_PubSub_Socket_Render=/private/tmp/com.apple.launchd.tRMNRo7t1M/Render, com.apple.java.jvmTask=CommandLine, LC_CTYPE=en_US.UTF-8, SHLVL=1, HOME=/Users/hn250013, username=dk134401}}]
11:03:38.196 [Test worker] DEBUG org.springframework.test.context.support.TestPropertySourceUtils - Adding inlined properties to environment: {spring.jmx.enabled=false, org.springframework.boot.test.context.SpringBootTestContextBootstrapper=true, server.port=-1}
11:03:38.197 [Test worker] DEBUG org.springframework.core.env.StandardEnvironment - Adding PropertySource 'Inlined Test Properties' with highest search precedence

  .   ____          _            __ _ _
 /\\ / ___'_ __ _ _(_)_ __  __ _ \ \ \ \
( ( )\___ | '_ | '_| | '_ \/ _` | \ \ \ \
 \\/  ___)| |_)| | | | | || (_| |  ) ) ) )
  '  |____| .__|_| |_|_| |_\__, | / / / /
 =========|_|==============|___/=/_/_/_/
 :: Spring Boot ::        (v2.0.3.RELEASE)

2018-09-05 11:03:38.471  INFO 88042 --- [    Test worker] c.c.CodesnipplerApplicationTests         : Starting CodesnipplerApplicationTests on MUSHN250013-890 with PID 88042 (started by hn250013 in /Users/hn250013/Hoang/code-snippler/backend)
2018-09-05 11:03:38.473  INFO 88042 --- [    Test worker] c.c.CodesnipplerApplicationTests         : No active profile set, falling back to default profiles: default
2018-09-05 11:03:38.507  INFO 88042 --- [    Test worker] o.s.w.c.s.GenericWebApplicationContext   : Refreshing org.springframework.web.context.support.GenericWebApplicationContext@3bfc525: startup date [Wed Sep 05 11:03:38 PDT 2018]; root of context hierarchy
2018-09-05 11:03:40.160  INFO 88042 --- [    Test worker] org.mongodb.driver.cluster               : Cluster created with settings {hosts=[localhost:27017], mode=MULTIPLE, requiredClusterType=UNKNOWN, serverSelectionTimeout='30000 ms', maxWaitQueueSize=500}
2018-09-05 11:03:40.160  INFO 88042 --- [    Test worker] org.mongodb.driver.cluster               : Adding discovered server localhost:27017 to client view of cluster
2018-09-05 11:03:40.261  INFO 88042 --- [localhost:27017] org.mongodb.driver.connection            : Opened connection [connectionId{localValue:1, serverValue:36}] to localhost:27017
2018-09-05 11:03:40.267  INFO 88042 --- [localhost:27017] org.mongodb.driver.cluster               : Monitor thread successfully connected to server with description ServerDescription{address=localhost:27017, type=STANDALONE, state=CONNECTED, ok=true, version=ServerVersion{versionList=[3, 6, 5]}, minWireVersion=0, maxWireVersion=6, maxDocumentSize=16777216, logicalSessionTimeoutMinutes=30, roundTripTimeNanos=3347770}
2018-09-05 11:03:40.268  INFO 88042 --- [localhost:27017] org.mongodb.driver.cluster               : Discovered cluster type of STANDALONE
2018-09-05 11:03:40.430  WARN 88042 --- [    Test worker] o.s.d.m.c.m.BasicMongoPersistentProperty : Customizing field name for id property not allowed! Custom name will not be considered!
2018-09-05 11:03:40.526  WARN 88042 --- [    Test worker] o.s.d.m.c.m.BasicMongoPersistentProperty : Customizing field name for id property not allowed! Custom name will not be considered!
2018-09-05 11:03:40.547  WARN 88042 --- [    Test worker] o.s.d.m.c.m.BasicMongoPersistentProperty : Customizing field name for id property not allowed! Custom name will not be considered!
2018-09-05 11:03:40.568  WARN 88042 --- [    Test worker] o.s.d.m.c.m.BasicMongoPersistentProperty : Customizing field name for id property not allowed! Custom name will not be considered!
2018-09-05 11:03:40.934  INFO 88042 --- [    Test worker] o.s.w.s.handler.SimpleUrlHandlerMapping  : Mapped URL path [/**/favicon.ico] onto handler of type [class org.springframework.web.servlet.resource.ResourceHttpRequestHandler]
2018-09-05 11:03:41.265  INFO 88042 --- [    Test worker] s.w.s.m.m.a.RequestMappingHandlerAdapter : Looking for @ControllerAdvice: org.springframework.web.context.support.GenericWebApplicationContext@3bfc525: startup date [Wed Sep 05 11:03:38 PDT 2018]; root of context hierarchy
2018-09-05 11:03:41.351  INFO 88042 --- [    Test worker] s.w.s.m.m.a.RequestMappingHandlerMapping : Mapped "{[/api/snippet/{snippetId}/update],methods=[POST],produces=[application/json]}" onto org.springframework.http.ResponseEntity com.codesnippler.Controller.CodeSnippetController.update(javax.servlet.http.HttpServletRequest,com.codesnippler.Model.User,java.lang.String,java.lang.String,java.lang.String,java.lang.String,com.codesnippler.Model.CodeSnippet)
2018-09-05 11:03:41.352  INFO 88042 --- [    Test worker] s.w.s.m.m.a.RequestMappingHandlerMapping : Mapped "{[/api/snippet/{snippetId}],methods=[DELETE],produces=[application/json]}" onto org.springframework.http.ResponseEntity com.codesnippler.Controller.CodeSnippetController.delete(com.codesnippler.Model.User,com.codesnippler.Model.CodeSnippet)
2018-09-05 11:03:41.353  INFO 88042 --- [    Test worker] s.w.s.m.m.a.RequestMappingHandlerMapping : Mapped "{[/api/snippet],methods=[POST],produces=[application/json]}" onto org.springframework.http.ResponseEntity com.codesnippler.Controller.CodeSnippetController.create(javax.servlet.http.HttpServletRequest,com.codesnippler.Model.User,java.lang.String,java.lang.String,java.lang.String,java.lang.String)
2018-09-05 11:03:41.354  INFO 88042 --- [    Test worker] s.w.s.m.m.a.RequestMappingHandlerMapping : Mapped "{[/api/snippet/search],methods=[GET],produces=[application/json]}" onto org.springframework.http.ResponseEntity com.codesnippler.Controller.CodeSnippetController.search(com.codesnippler.Model.User,java.lang.String,int,int,java.lang.String,java.lang.String)
2018-09-05 11:03:41.355  INFO 88042 --- [    Test worker] s.w.s.m.m.a.RequestMappingHandlerMapping : Mapped "{[/api/snippet/{snippetId}],methods=[GET],produces=[application/json]}" onto org.springframework.http.ResponseEntity com.codesnippler.Controller.CodeSnippetController.getSnippet(com.codesnippler.Model.User,com.codesnippler.Model.CodeSnippet,boolean,boolean,boolean)
2018-09-05 11:03:41.356  INFO 88042 --- [    Test worker] s.w.s.m.m.a.RequestMappingHandlerMapping : Mapped "{[/api/snippet/byIds],methods=[GET],produces=[application/json]}" onto org.springframework.http.ResponseEntity com.codesnippler.Controller.CodeSnippetController.getSnippets(com.codesnippler.Model.User,java.util.List<java.lang.String>,boolean)
2018-09-05 11:03:41.356  INFO 88042 --- [    Test worker] s.w.s.m.m.a.RequestMappingHandlerMapping : Mapped "{[/api/snippet/byLanguage],methods=[GET],produces=[application/json]}" onto org.springframework.http.ResponseEntity com.codesnippler.Controller.CodeSnippetController.getSnippets(javax.servlet.http.HttpServletRequest,com.codesnippler.Model.User,java.lang.String,int,int,java.lang.String)
2018-09-05 11:03:41.357  INFO 88042 --- [    Test worker] s.w.s.m.m.a.RequestMappingHandlerMapping : Mapped "{[/api/snippet/{snippetId}/upvote],methods=[PATCH],produces=[application/json]}" onto org.springframework.http.ResponseEntity com.codesnippler.Controller.CodeSnippetController.upvote(javax.servlet.http.HttpServletRequest,com.codesnippler.Model.User,com.codesnippler.Model.CodeSnippet,boolean)
2018-09-05 11:03:41.360  INFO 88042 --- [    Test worker] s.w.s.m.m.a.RequestMappingHandlerMapping : Mapped "{[/api/snippet/{snippetId}/downvote],methods=[PATCH],produces=[application/json]}" onto org.springframework.http.ResponseEntity com.codesnippler.Controller.CodeSnippetController.downvote(com.codesnippler.Model.User,com.codesnippler.Model.CodeSnippet,boolean)
2018-09-05 11:03:41.360  INFO 88042 --- [    Test worker] s.w.s.m.m.a.RequestMappingHandlerMapping : Mapped "{[/api/snippet/{snippetId}/save],methods=[PATCH],produces=[application/json]}" onto org.springframework.http.ResponseEntity com.codesnippler.Controller.CodeSnippetController.saveSnippet(com.codesnippler.Model.User,com.codesnippler.Model.CodeSnippet,boolean)
2018-09-05 11:03:41.361  INFO 88042 --- [    Test worker] s.w.s.m.m.a.RequestMappingHandlerMapping : Mapped "{[/api/snippet/{snippetId}/comment],methods=[POST],produces=[application/json]}" onto org.springframework.http.ResponseEntity com.codesnippler.Controller.CodeSnippetController.createComment(com.codesnippler.Model.User,java.lang.String,com.codesnippler.Model.CodeSnippet)
2018-09-05 11:03:41.362  INFO 88042 --- [    Test worker] s.w.s.m.m.a.RequestMappingHandlerMapping : Mapped "{[/api/snippet/{snippetId}/comments],methods=[GET],produces=[application/json]}" onto org.springframework.http.ResponseEntity com.codesnippler.Controller.CodeSnippetController.getComments(com.codesnippler.Model.User,com.codesnippler.Model.CodeSnippet,boolean,int,int,java.lang.String)
2018-09-05 11:03:41.363  INFO 88042 --- [    Test worker] s.w.s.m.m.a.RequestMappingHandlerMapping : Mapped "{[/api/snippet/recent],methods=[GET],produces=[application/json]}" onto org.springframework.http.ResponseEntity com.codesnippler.Controller.CodeSnippetController.getRecent(com.codesnippler.Model.User,int,int,java.lang.String)
2018-09-05 11:03:41.364  INFO 88042 --- [    Test worker] s.w.s.m.m.a.RequestMappingHandlerMapping : Mapped "{[/api/snippet/popular],methods=[GET],produces=[application/json]}" onto org.springframework.http.ResponseEntity com.codesnippler.Controller.CodeSnippetController.getPopular(com.codesnippler.Model.User,int,int,java.lang.String,java.lang.String)
2018-09-05 11:03:41.365  INFO 88042 --- [    Test worker] s.w.s.m.m.a.RequestMappingHandlerMapping : Mapped "{[/api/snippet/mostViews],methods=[GET],produces=[application/json]}" onto org.springframework.http.ResponseEntity com.codesnippler.Controller.CodeSnippetController.getMostViews(com.codesnippler.Model.User,java.lang.String,int,int)
2018-09-05 11:03:41.365  INFO 88042 --- [    Test worker] s.w.s.m.m.a.RequestMappingHandlerMapping : Mapped "{[/api/snippet/mostUpvotes],methods=[GET],produces=[application/json]}" onto org.springframework.http.ResponseEntity com.codesnippler.Controller.CodeSnippetController.getMostUpvotes(com.codesnippler.Model.User,java.lang.String,int,int)
2018-09-05 11:03:41.367  INFO 88042 --- [    Test worker] s.w.s.m.m.a.RequestMappingHandlerMapping : Mapped "{[/api/snippet/mostSaved],methods=[GET],produces=[application/json]}" onto org.springframework.http.ResponseEntity com.codesnippler.Controller.CodeSnippetController.getMostSaved(com.codesnippler.Model.User,java.lang.String,int,int)
2018-09-05 11:03:41.370  INFO 88042 --- [    Test worker] s.w.s.m.m.a.RequestMappingHandlerMapping : Mapped "{[/api/comment/{commentId}],methods=[PATCH],produces=[application/json]}" onto org.springframework.http.ResponseEntity com.codesnippler.Controller.CommentController.update(com.codesnippler.Model.User,java.lang.String,com.codesnippler.Model.Comment)
2018-09-05 11:03:41.370  INFO 88042 --- [    Test worker] s.w.s.m.m.a.RequestMappingHandlerMapping : Mapped "{[/api/comment/{commentId}],methods=[DELETE],produces=[application/json]}" onto org.springframework.http.ResponseEntity com.codesnippler.Controller.CommentController.delete(com.codesnippler.Model.User,com.codesnippler.Model.Comment)
2018-09-05 11:03:41.371  INFO 88042 --- [    Test worker] s.w.s.m.m.a.RequestMappingHandlerMapping : Mapped "{[/api/comment/{commentId}/upvote],methods=[PATCH],produces=[application/json]}" onto org.springframework.http.ResponseEntity com.codesnippler.Controller.CommentController.upvote(com.codesnippler.Model.User,com.codesnippler.Model.Comment,boolean)
2018-09-05 11:03:41.371  INFO 88042 --- [    Test worker] s.w.s.m.m.a.RequestMappingHandlerMapping : Mapped "{[/api/comment/{commentId}/downvote],methods=[PATCH],produces=[application/json]}" onto org.springframework.http.ResponseEntity com.codesnippler.Controller.CommentController.downvote(com.codesnippler.Model.User,com.codesnippler.Model.Comment,boolean)
2018-09-05 11:03:41.372  INFO 88042 --- [    Test worker] s.w.s.m.m.a.RequestMappingHandlerMapping : Mapped "{[/api/comment/byIds],methods=[GET],produces=[application/json]}" onto org.springframework.http.ResponseEntity com.codesnippler.Controller.CommentController.getComments(com.codesnippler.Model.User,java.util.List<java.lang.String>,boolean)
2018-09-05 11:03:41.373  INFO 88042 --- [    Test worker] s.w.s.m.m.a.RequestMappingHandlerMapping : Mapped "{[/api/language],methods=[POST],produces=[application/json]}" onto org.springframework.http.ResponseEntity com.codesnippler.Controller.LanguageController.create(java.lang.String,java.lang.String)
2018-09-05 11:03:41.374  INFO 88042 --- [    Test worker] s.w.s.m.m.a.RequestMappingHandlerMapping : Mapped "{[/api/language/all],methods=[GET],produces=[application/json]}" onto org.springframework.http.ResponseEntity com.codesnippler.Controller.LanguageController.all(javax.servlet.http.HttpServletRequest)
2018-09-05 11:03:41.383  INFO 88042 --- [    Test worker] s.w.s.m.m.a.RequestMappingHandlerMapping : Mapped "{[/api/user/register],methods=[POST],produces=[application/json]}" onto org.springframework.http.ResponseEntity com.codesnippler.Controller.UserController.register(java.lang.String,java.lang.String)
2018-09-05 11:03:41.384  INFO 88042 --- [    Test worker] s.w.s.m.m.a.RequestMappingHandlerMapping : Mapped "{[/api/user/savedSnippets],methods=[GET],produces=[application/json]}" onto org.springframework.http.ResponseEntity com.codesnippler.Controller.UserController.getSavedSnippets(com.codesnippler.Model.User)
2018-09-05 11:03:41.384  INFO 88042 --- [    Test worker] s.w.s.m.m.a.RequestMappingHandlerMapping : Mapped "{[/api/user/{userId}/savedSnippets],methods=[GET],produces=[application/json]}" onto org.springframework.http.ResponseEntity com.codesnippler.Controller.UserController.getSavedSnippets(com.codesnippler.Model.User,com.codesnippler.Model.User)
2018-09-05 11:03:41.385  INFO 88042 --- [    Test worker] s.w.s.m.m.a.RequestMappingHandlerMapping : Mapped "{[/api/user/login],methods=[POST],produces=[application/json]}" onto org.springframework.http.ResponseEntity com.codesnippler.Controller.UserController.login(javax.servlet.http.HttpServletRequest,java.lang.String,java.lang.String)
2018-09-05 11:03:41.385  INFO 88042 --- [    Test worker] s.w.s.m.m.a.RequestMappingHandlerMapping : Mapped "{[/api/user/changePassword],methods=[POST],produces=[application/json]}" onto org.springframework.http.ResponseEntity com.codesnippler.Controller.UserController.changePassword(com.codesnippler.Model.User,java.lang.String,java.lang.String)
2018-09-05 11:03:41.386  INFO 88042 --- [    Test worker] s.w.s.m.m.a.RequestMappingHandlerMapping : Mapped "{[/api/user/profile],methods=[PATCH],produces=[application/json]}" onto org.springframework.http.ResponseEntity com.codesnippler.Controller.UserController.updateProfile(com.codesnippler.Model.User,java.lang.String,java.lang.String,java.lang.String)
2018-09-05 11:03:41.387  INFO 88042 --- [    Test worker] s.w.s.m.m.a.RequestMappingHandlerMapping : Mapped "{[/api/user/me],methods=[GET],produces=[application/json]}" onto org.springframework.http.ResponseEntity com.codesnippler.Controller.UserController.getMyProfile(com.codesnippler.Model.User,boolean)
2018-09-05 11:03:41.387  INFO 88042 --- [    Test worker] s.w.s.m.m.a.RequestMappingHandlerMapping : Mapped "{[/api/user/{userId}],methods=[GET],produces=[application/json]}" onto org.springframework.http.ResponseEntity com.codesnippler.Controller.UserController.getUser(boolean,com.codesnippler.Model.User)
2018-09-05 11:03:41.387  INFO 88042 --- [    Test worker] s.w.s.m.m.a.RequestMappingHandlerMapping : Mapped "{[/api/user/byIds],methods=[GET],produces=[application/json]}" onto org.springframework.http.ResponseEntity com.codesnippler.Controller.UserController.getUsers(java.util.List<java.lang.String>)
2018-09-05 11:03:41.388  INFO 88042 --- [    Test worker] s.w.s.m.m.a.RequestMappingHandlerMapping : Mapped "{[/api/user/createdSnippets],methods=[GET],produces=[application/json]}" onto org.springframework.http.ResponseEntity com.codesnippler.Controller.UserController.getCreatedSnippets(com.codesnippler.Model.User)
2018-09-05 11:03:41.389  INFO 88042 --- [    Test worker] s.w.s.m.m.a.RequestMappingHandlerMapping : Mapped "{[/api/user/{userId}/createdSnippets],methods=[GET],produces=[application/json]}" onto org.springframework.http.ResponseEntity com.codesnippler.Controller.UserController.getCreatedSnippets(com.codesnippler.Model.User,com.codesnippler.Model.User)
2018-09-05 11:03:41.392  INFO 88042 --- [    Test worker] s.w.s.m.m.a.RequestMappingHandlerMapping : Mapped "{[/error]}" onto public org.springframework.http.ResponseEntity<java.util.Map<java.lang.String, java.lang.Object>> org.springframework.boot.autoconfigure.web.servlet.error.BasicErrorController.error(javax.servlet.http.HttpServletRequest)
2018-09-05 11:03:41.393  INFO 88042 --- [    Test worker] s.w.s.m.m.a.RequestMappingHandlerMapping : Mapped "{[/error],produces=[text/html]}" onto public org.springframework.web.servlet.ModelAndView org.springframework.boot.autoconfigure.web.servlet.error.BasicErrorController.errorHtml(javax.servlet.http.HttpServletRequest,javax.servlet.http.HttpServletResponse)
2018-09-05 11:03:41.424  INFO 88042 --- [    Test worker] o.s.w.s.handler.SimpleUrlHandlerMapping  : Mapped URL path [/webjars/**] onto handler of type [class org.springframework.web.servlet.resource.ResourceHttpRequestHandler]
2018-09-05 11:03:41.424  INFO 88042 --- [    Test worker] o.s.w.s.handler.SimpleUrlHandlerMapping  : Mapped URL path [/**] onto handler of type [class org.springframework.web.servlet.resource.ResourceHttpRequestHandler]
2018-09-05 11:03:41.441  INFO 88042 --- [    Test worker] .m.m.a.ExceptionHandlerExceptionResolver : Detected @ExceptionHandler methods in globalExceptionHandler
2018-09-05 11:03:41.622  INFO 88042 --- [    Test worker] c.c.CodesnipplerApplicationTests         : Started CodesnipplerApplicationTests in 3.417 seconds (JVM running for 4.374)
]]></system-out>
  <system-err><![CDATA[]]></system-err>
</testsuite>
